<?xml version="1.0" encoding="UTF-8"?>
<coverage generated="1678180480135" clover="3.2.0">
  <project timestamp="1678180480135" name="All files">
    <metrics statements="3" coveredstatements="3" conditionals="2" coveredconditionals="1" methods="1" coveredmethods="1" elements="6" coveredelements="5" complexity="0" loc="3" ncloc="3" packages="1" files="1" classes="1"/>
    <file name="calcul.ts" path="C:\Users\flori\Desktop\test_cli\back\src\calcul.ts">
      <metrics statements="3" coveredstatements="3" conditionals="2" coveredconditionals="1" methods="1" coveredmethods="1"/>
      <line num="1" count="1" type="stmt"/>
      <line num="2" count="1" type="cond" truecount="1" falsecount="1"/>
      <line num="3" count="1" type="stmt"/>
    </file>
  </project>
</coverage>
